<?xml version="1.0" encoding="UTF-8"?>
<testsuite xmlns:xsi="http://www.w3.org/2001/XMLSchema-instance" xsi:noNamespaceSchemaLocation="https://maven.apache.org/surefire/maven-surefire-plugin/xsd/surefire-test-report.xsd" name="com.yaoyue.mall.AppTest" time="0.012" tests="1" errors="0" skipped="0" failures="0">
  <properties>
    <property name="sun.desktop" value="windows"/>
    <property name="awt.toolkit" value="sun.awt.windows.WToolkit"/>
    <property name="file.encoding.pkg" value="sun.io"/>
    <property name="java.specification.version" value="1.8"/>
    <property name="sun.cpu.isalist" value="amd64"/>
    <property name="sun.jnu.encoding" value="GBK"/>
    <property name="java.class.path" value="E:\Code\Code\JavaWeb\代码\商城\mall\mall-parent\mall-service-util\target\test-classes;E:\Code\Code\JavaWeb\代码\商城\mall\mall-parent\mall-service-util\target\classes;E:\Code\Code\JavaWeb\代码\商城\mall\mall-parent\mall-common-util\target\mall-common-util-1.0-SNAPSHOT.jar;E:\Code\Code\JavaWeb\Maven\.m2\repository\com\alibaba\fastjson\1.2.46\fastjson-1.2.46.jar;E:\Code\Code\JavaWeb\Maven\.m2\repository\org\springframework\boot\spring-boot-starter-test\2.3.2.RELEASE\spring-boot-starter-test-2.3.2.RELEASE.jar;E:\Code\Code\JavaWeb\Maven\.m2\repository\org\springframework\boot\spring-boot-test\2.3.2.RELEASE\spring-boot-test-2.3.2.RELEASE.jar;E:\Code\Code\JavaWeb\Maven\.m2\repository\org\springframework\boot\spring-boot-test-autoconfigure\2.3.2.RELEASE\spring-boot-test-autoconfigure-2.3.2.RELEASE.jar;E:\Code\Code\JavaWeb\Maven\.m2\repository\com\jayway\jsonpath\json-path\2.4.0\json-path-2.4.0.jar;E:\Code\Code\JavaWeb\Maven\.m2\repository\net\minidev\json-smart\2.3\json-smart-2.3.jar;E:\Code\Code\JavaWeb\Maven\.m2\repository\net\minidev\accessors-smart\1.2\accessors-smart-1.2.jar;E:\Code\Code\JavaWeb\Maven\.m2\repository\org\ow2\asm\asm\5.0.4\asm-5.0.4.jar;E:\Code\Code\JavaWeb\Maven\.m2\repository\jakarta\xml\bind\jakarta.xml.bind-api\2.3.3\jakarta.xml.bind-api-2.3.3.jar;E:\Code\Code\JavaWeb\Maven\.m2\repository\jakarta\activation\jakarta.activation-api\1.2.2\jakarta.activation-api-1.2.2.jar;E:\Code\Code\JavaWeb\Maven\.m2\repository\org\assertj\assertj-core\3.16.1\assertj-core-3.16.1.jar;E:\Code\Code\JavaWeb\Maven\.m2\repository\org\hamcrest\hamcrest\2.2\hamcrest-2.2.jar;E:\Code\Code\JavaWeb\Maven\.m2\repository\org\junit\jupiter\junit-jupiter\5.6.2\junit-jupiter-5.6.2.jar;E:\Code\Code\JavaWeb\Maven\.m2\repository\org\junit\jupiter\junit-jupiter-api\5.6.2\junit-jupiter-api-5.6.2.jar;E:\Code\Code\JavaWeb\Maven\.m2\repository\org\opentest4j\opentest4j\1.2.0\opentest4j-1.2.0.jar;E:\Code\Code\JavaWeb\Maven\.m2\repository\org\junit\platform\junit-platform-commons\1.6.2\junit-platform-commons-1.6.2.jar;E:\Code\Code\JavaWeb\Maven\.m2\repository\org\junit\jupiter\junit-jupiter-params\5.6.2\junit-jupiter-params-5.6.2.jar;E:\Code\Code\JavaWeb\Maven\.m2\repository\org\junit\jupiter\junit-jupiter-engine\5.6.2\junit-jupiter-engine-5.6.2.jar;E:\Code\Code\JavaWeb\Maven\.m2\repository\org\junit\vintage\junit-vintage-engine\5.6.2\junit-vintage-engine-5.6.2.jar;E:\Code\Code\JavaWeb\Maven\.m2\repository\org\apiguardian\apiguardian-api\1.1.0\apiguardian-api-1.1.0.jar;E:\Code\Code\JavaWeb\Maven\.m2\repository\org\junit\platform\junit-platform-engine\1.6.2\junit-platform-engine-1.6.2.jar;E:\Code\Code\JavaWeb\Maven\.m2\repository\junit\junit\4.13\junit-4.13.jar;E:\Code\Code\JavaWeb\Maven\.m2\repository\org\mockito\mockito-core\3.3.3\mockito-core-3.3.3.jar;E:\Code\Code\JavaWeb\Maven\.m2\repository\net\bytebuddy\byte-buddy\1.10.13\byte-buddy-1.10.13.jar;E:\Code\Code\JavaWeb\Maven\.m2\repository\net\bytebuddy\byte-buddy-agent\1.10.13\byte-buddy-agent-1.10.13.jar;E:\Code\Code\JavaWeb\Maven\.m2\repository\org\objenesis\objenesis\2.6\objenesis-2.6.jar;E:\Code\Code\JavaWeb\Maven\.m2\repository\org\mockito\mockito-junit-jupiter\3.3.3\mockito-junit-jupiter-3.3.3.jar;E:\Code\Code\JavaWeb\Maven\.m2\repository\org\skyscreamer\jsonassert\1.5.0\jsonassert-1.5.0.jar;E:\Code\Code\JavaWeb\Maven\.m2\repository\com\vaadin\external\google\android-json\0.0.20131108.vaadin1\android-json-0.0.20131108.vaadin1.jar;E:\Code\Code\JavaWeb\Maven\.m2\repository\org\springframework\spring-core\5.2.8.RELEASE\spring-core-5.2.8.RELEASE.jar;E:\Code\Code\JavaWeb\Maven\.m2\repository\org\springframework\spring-jcl\5.2.8.RELEASE\spring-jcl-5.2.8.RELEASE.jar;E:\Code\Code\JavaWeb\Maven\.m2\repository\org\springframework\spring-test\5.2.8.RELEASE\spring-test-5.2.8.RELEASE.jar;E:\Code\Code\JavaWeb\Maven\.m2\repository\org\xmlunit\xmlunit-core\2.7.0\xmlunit-core-2.7.0.jar;E:\Code\Code\JavaWeb\Maven\.m2\repository\org\springframework\boot\spring-boot-starter-web\2.3.2.RELEASE\spring-boot-starter-web-2.3.2.RELEASE.jar;E:\Code\Code\JavaWeb\Maven\.m2\repository\org\springframework\boot\spring-boot-starter-json\2.3.2.RELEASE\spring-boot-starter-json-2.3.2.RELEASE.jar;E:\Code\Code\JavaWeb\Maven\.m2\repository\com\fasterxml\jackson\core\jackson-databind\2.11.1\jackson-databind-2.11.1.jar;E:\Code\Code\JavaWeb\Maven\.m2\repository\com\fasterxml\jackson\core\jackson-annotations\2.11.1\jackson-annotations-2.11.1.jar;E:\Code\Code\JavaWeb\Maven\.m2\repository\com\fasterxml\jackson\core\jackson-core\2.11.1\jackson-core-2.11.1.jar;E:\Code\Code\JavaWeb\Maven\.m2\repository\com\fasterxml\jackson\datatype\jackson-datatype-jdk8\2.11.1\jackson-datatype-jdk8-2.11.1.jar;E:\Code\Code\JavaWeb\Maven\.m2\repository\com\fasterxml\jackson\datatype\jackson-datatype-jsr310\2.11.1\jackson-datatype-jsr310-2.11.1.jar;E:\Code\Code\JavaWeb\Maven\.m2\repository\com\fasterxml\jackson\module\jackson-module-parameter-names\2.11.1\jackson-module-parameter-names-2.11.1.jar;E:\Code\Code\JavaWeb\Maven\.m2\repository\org\springframework\boot\spring-boot-starter-tomcat\2.3.2.RELEASE\spring-boot-starter-tomcat-2.3.2.RELEASE.jar;E:\Code\Code\JavaWeb\Maven\.m2\repository\org\apache\tomcat\embed\tomcat-embed-core\9.0.37\tomcat-embed-core-9.0.37.jar;E:\Code\Code\JavaWeb\Maven\.m2\repository\org\glassfish\jakarta.el\3.0.3\jakarta.el-3.0.3.jar;E:\Code\Code\JavaWeb\Maven\.m2\repository\org\apache\tomcat\embed\tomcat-embed-websocket\9.0.37\tomcat-embed-websocket-9.0.37.jar;E:\Code\Code\JavaWeb\Maven\.m2\repository\org\springframework\spring-web\5.2.8.RELEASE\spring-web-5.2.8.RELEASE.jar;E:\Code\Code\JavaWeb\Maven\.m2\repository\org\springframework\spring-webmvc\5.2.8.RELEASE\spring-webmvc-5.2.8.RELEASE.jar;E:\Code\Code\JavaWeb\Maven\.m2\repository\org\springframework\spring-aop\5.2.8.RELEASE\spring-aop-5.2.8.RELEASE.jar;E:\Code\Code\JavaWeb\Maven\.m2\repository\org\springframework\spring-expression\5.2.8.RELEASE\spring-expression-5.2.8.RELEASE.jar;E:\Code\Code\JavaWeb\Maven\.m2\repository\org\apache\httpcomponents\httpclient\4.5.5\httpclient-4.5.5.jar;E:\Code\Code\JavaWeb\Maven\.m2\repository\org\apache\httpcomponents\httpcore\4.4.13\httpcore-4.4.13.jar;E:\Code\Code\JavaWeb\Maven\.m2\repository\commons-logging\commons-logging\1.2\commons-logging-1.2.jar;E:\Code\Code\JavaWeb\Maven\.m2\repository\org\apache\commons\commons-lang3\3.7\commons-lang3-3.7.jar;E:\Code\Code\JavaWeb\Maven\.m2\repository\commons-beanutils\commons-beanutils\1.9.3\commons-beanutils-1.9.3.jar;E:\Code\Code\JavaWeb\Maven\.m2\repository\commons-collections\commons-collections\3.2.2\commons-collections-3.2.2.jar;E:\Code\Code\JavaWeb\Maven\.m2\repository\commons-codec\commons-codec\1.14\commons-codec-1.14.jar;E:\Code\Code\JavaWeb\Maven\.m2\repository\com\alibaba\dubbo\2.6.0\dubbo-2.6.0.jar;E:\Code\Code\JavaWeb\Maven\.m2\repository\org\springframework\spring-context\5.2.8.RELEASE\spring-context-5.2.8.RELEASE.jar;E:\Code\Code\JavaWeb\Maven\.m2\repository\org\springframework\spring-beans\5.2.8.RELEASE\spring-beans-5.2.8.RELEASE.jar;E:\Code\Code\JavaWeb\Maven\.m2\repository\org\javassist\javassist\3.20.0-GA\javassist-3.20.0-GA.jar;E:\Code\Code\JavaWeb\Maven\.m2\repository\org\jboss\netty\netty\3.2.5.Final\netty-3.2.5.Final.jar;E:\Code\Code\JavaWeb\Maven\.m2\repository\com\gitee\reger\spring-boot-starter-dubbo\1.0.10\spring-boot-starter-dubbo-1.0.10.jar;E:\Code\Code\JavaWeb\Maven\.m2\repository\org\springframework\boot\spring-boot-starter-validation\2.3.2.RELEASE\spring-boot-starter-validation-2.3.2.RELEASE.jar;E:\Code\Code\JavaWeb\Maven\.m2\repository\org\hibernate\validator\hibernate-validator\6.1.5.Final\hibernate-validator-6.1.5.Final.jar;E:\Code\Code\JavaWeb\Maven\.m2\repository\jakarta\validation\jakarta.validation-api\2.0.2\jakarta.validation-api-2.0.2.jar;E:\Code\Code\JavaWeb\Maven\.m2\repository\org\jboss\logging\jboss-logging\3.4.1.Final\jboss-logging-3.4.1.Final.jar;E:\Code\Code\JavaWeb\Maven\.m2\repository\com\fasterxml\classmate\1.5.1\classmate-1.5.1.jar;E:\Code\Code\JavaWeb\Maven\.m2\repository\com\101tec\zkclient\0.10\zkclient-0.10.jar;E:\Code\Code\JavaWeb\Maven\.m2\repository\org\slf4j\slf4j-api\1.7.30\slf4j-api-1.7.30.jar;E:\Code\Code\JavaWeb\Maven\.m2\repository\org\apache\zookeeper\zookeeper\3.4.8\zookeeper-3.4.8.jar;E:\Code\Code\JavaWeb\Maven\.m2\repository\org\slf4j\slf4j-log4j12\1.7.30\slf4j-log4j12-1.7.30.jar;E:\Code\Code\JavaWeb\Maven\.m2\repository\log4j\log4j\1.2.16\log4j-1.2.16.jar;E:\Code\Code\JavaWeb\Maven\.m2\repository\jline\jline\0.9.94\jline-0.9.94.jar;E:\Code\Code\JavaWeb\Maven\.m2\repository\io\netty\netty\3.7.0.Final\netty-3.7.0.Final.jar;E:\Code\Code\JavaWeb\Maven\.m2\repository\org\springframework\boot\spring-boot-starter-jdbc\2.3.2.RELEASE\spring-boot-starter-jdbc-2.3.2.RELEASE.jar;E:\Code\Code\JavaWeb\Maven\.m2\repository\org\springframework\boot\spring-boot-starter\2.3.2.RELEASE\spring-boot-starter-2.3.2.RELEASE.jar;E:\Code\Code\JavaWeb\Maven\.m2\repository\org\springframework\boot\spring-boot\2.3.2.RELEASE\spring-boot-2.3.2.RELEASE.jar;E:\Code\Code\JavaWeb\Maven\.m2\repository\org\springframework\boot\spring-boot-autoconfigure\2.3.2.RELEASE\spring-boot-autoconfigure-2.3.2.RELEASE.jar;E:\Code\Code\JavaWeb\Maven\.m2\repository\org\springframework\boot\spring-boot-starter-logging\2.3.2.RELEASE\spring-boot-starter-logging-2.3.2.RELEASE.jar;E:\Code\Code\JavaWeb\Maven\.m2\repository\ch\qos\logback\logback-classic\1.2.3\logback-classic-1.2.3.jar;E:\Code\Code\JavaWeb\Maven\.m2\repository\ch\qos\logback\logback-core\1.2.3\logback-core-1.2.3.jar;E:\Code\Code\JavaWeb\Maven\.m2\repository\org\apache\logging\log4j\log4j-to-slf4j\2.13.3\log4j-to-slf4j-2.13.3.jar;E:\Code\Code\JavaWeb\Maven\.m2\repository\org\apache\logging\log4j\log4j-api\2.13.3\log4j-api-2.13.3.jar;E:\Code\Code\JavaWeb\Maven\.m2\repository\org\slf4j\jul-to-slf4j\1.7.30\jul-to-slf4j-1.7.30.jar;E:\Code\Code\JavaWeb\Maven\.m2\repository\jakarta\annotation\jakarta.annotation-api\1.3.5\jakarta.annotation-api-1.3.5.jar;E:\Code\Code\JavaWeb\Maven\.m2\repository\org\yaml\snakeyaml\1.26\snakeyaml-1.26.jar;E:\Code\Code\JavaWeb\Maven\.m2\repository\com\zaxxer\HikariCP\3.4.5\HikariCP-3.4.5.jar;E:\Code\Code\JavaWeb\Maven\.m2\repository\org\springframework\spring-jdbc\5.2.8.RELEASE\spring-jdbc-5.2.8.RELEASE.jar;E:\Code\Code\JavaWeb\Maven\.m2\repository\org\springframework\spring-tx\5.2.8.RELEASE\spring-tx-5.2.8.RELEASE.jar;E:\Code\Code\JavaWeb\Maven\.m2\repository\org\mybatis\spring\boot\mybatis-spring-boot-starter\1.3.1\mybatis-spring-boot-starter-1.3.1.jar;E:\Code\Code\JavaWeb\Maven\.m2\repository\org\mybatis\spring\boot\mybatis-spring-boot-autoconfigure\1.3.1\mybatis-spring-boot-autoconfigure-1.3.1.jar;E:\Code\Code\JavaWeb\Maven\.m2\repository\org\mybatis\mybatis\3.4.5\mybatis-3.4.5.jar;E:\Code\Code\JavaWeb\Maven\.m2\repository\org\mybatis\mybatis-spring\1.3.1\mybatis-spring-1.3.1.jar;E:\Code\Code\JavaWeb\Maven\.m2\repository\mysql\mysql-connector-java\8.0.21\mysql-connector-java-8.0.21.jar;E:\Code\Code\JavaWeb\Maven\.m2\repository\redis\clients\jedis\2.9.0\jedis-2.9.0.jar;E:\Code\Code\JavaWeb\Maven\.m2\repository\org\apache\commons\commons-pool2\2.8.0\commons-pool2-2.8.0.jar;"/>
    <property name="java.vm.vendor" value="Oracle Corporation"/>
    <property name="sun.arch.data.model" value="64"/>
    <property name="user.variant" value=""/>
    <property name="java.vendor.url" value="http://java.oracle.com/"/>
    <property name="user.timezone" value="Asia/Shanghai"/>
    <property name="java.vm.specification.version" value="1.8"/>
    <property name="os.name" value="Windows 10"/>
    <property name="user.country" value="CN"/>
    <property name="sun.java.launcher" value="SUN_STANDARD"/>
    <property name="sun.boot.library.path" value="E:\Code\Code\Java\JDK\JDK\jre\bin"/>
    <property name="sun.java.command" value="C:\Users\WANGDO~1\AppData\Local\Temp\surefire7036558223046735518\surefirebooter426202833480466531.jar C:\Users\WANGDONGXU1\AppData\Local\Temp\surefire7036558223046735518 2020-08-15T11-33-27_762-jvmRun1 surefire2583019430312092236tmp surefire_1791570964719786303tmp"/>
    <property name="surefire.test.class.path" value="E:\Code\Code\JavaWeb\代码\商城\mall\mall-parent\mall-service-util\target\test-classes;E:\Code\Code\JavaWeb\代码\商城\mall\mall-parent\mall-service-util\target\classes;E:\Code\Code\JavaWeb\代码\商城\mall\mall-parent\mall-common-util\target\mall-common-util-1.0-SNAPSHOT.jar;E:\Code\Code\JavaWeb\Maven\.m2\repository\com\alibaba\fastjson\1.2.46\fastjson-1.2.46.jar;E:\Code\Code\JavaWeb\Maven\.m2\repository\org\springframework\boot\spring-boot-starter-test\2.3.2.RELEASE\spring-boot-starter-test-2.3.2.RELEASE.jar;E:\Code\Code\JavaWeb\Maven\.m2\repository\org\springframework\boot\spring-boot-test\2.3.2.RELEASE\spring-boot-test-2.3.2.RELEASE.jar;E:\Code\Code\JavaWeb\Maven\.m2\repository\org\springframework\boot\spring-boot-test-autoconfigure\2.3.2.RELEASE\spring-boot-test-autoconfigure-2.3.2.RELEASE.jar;E:\Code\Code\JavaWeb\Maven\.m2\repository\com\jayway\jsonpath\json-path\2.4.0\json-path-2.4.0.jar;E:\Code\Code\JavaWeb\Maven\.m2\repository\net\minidev\json-smart\2.3\json-smart-2.3.jar;E:\Code\Code\JavaWeb\Maven\.m2\repository\net\minidev\accessors-smart\1.2\accessors-smart-1.2.jar;E:\Code\Code\JavaWeb\Maven\.m2\repository\org\ow2\asm\asm\5.0.4\asm-5.0.4.jar;E:\Code\Code\JavaWeb\Maven\.m2\repository\jakarta\xml\bind\jakarta.xml.bind-api\2.3.3\jakarta.xml.bind-api-2.3.3.jar;E:\Code\Code\JavaWeb\Maven\.m2\repository\jakarta\activation\jakarta.activation-api\1.2.2\jakarta.activation-api-1.2.2.jar;E:\Code\Code\JavaWeb\Maven\.m2\repository\org\assertj\assertj-core\3.16.1\assertj-core-3.16.1.jar;E:\Code\Code\JavaWeb\Maven\.m2\repository\org\hamcrest\hamcrest\2.2\hamcrest-2.2.jar;E:\Code\Code\JavaWeb\Maven\.m2\repository\org\junit\jupiter\junit-jupiter\5.6.2\junit-jupiter-5.6.2.jar;E:\Code\Code\JavaWeb\Maven\.m2\repository\org\junit\jupiter\junit-jupiter-api\5.6.2\junit-jupiter-api-5.6.2.jar;E:\Code\Code\JavaWeb\Maven\.m2\repository\org\opentest4j\opentest4j\1.2.0\opentest4j-1.2.0.jar;E:\Code\Code\JavaWeb\Maven\.m2\repository\org\junit\platform\junit-platform-commons\1.6.2\junit-platform-commons-1.6.2.jar;E:\Code\Code\JavaWeb\Maven\.m2\repository\org\junit\jupiter\junit-jupiter-params\5.6.2\junit-jupiter-params-5.6.2.jar;E:\Code\Code\JavaWeb\Maven\.m2\repository\org\junit\jupiter\junit-jupiter-engine\5.6.2\junit-jupiter-engine-5.6.2.jar;E:\Code\Code\JavaWeb\Maven\.m2\repository\org\junit\vintage\junit-vintage-engine\5.6.2\junit-vintage-engine-5.6.2.jar;E:\Code\Code\JavaWeb\Maven\.m2\repository\org\apiguardian\apiguardian-api\1.1.0\apiguardian-api-1.1.0.jar;E:\Code\Code\JavaWeb\Maven\.m2\repository\org\junit\platform\junit-platform-engine\1.6.2\junit-platform-engine-1.6.2.jar;E:\Code\Code\JavaWeb\Maven\.m2\repository\junit\junit\4.13\junit-4.13.jar;E:\Code\Code\JavaWeb\Maven\.m2\repository\org\mockito\mockito-core\3.3.3\mockito-core-3.3.3.jar;E:\Code\Code\JavaWeb\Maven\.m2\repository\net\bytebuddy\byte-buddy\1.10.13\byte-buddy-1.10.13.jar;E:\Code\Code\JavaWeb\Maven\.m2\repository\net\bytebuddy\byte-buddy-agent\1.10.13\byte-buddy-agent-1.10.13.jar;E:\Code\Code\JavaWeb\Maven\.m2\repository\org\objenesis\objenesis\2.6\objenesis-2.6.jar;E:\Code\Code\JavaWeb\Maven\.m2\repository\org\mockito\mockito-junit-jupiter\3.3.3\mockito-junit-jupiter-3.3.3.jar;E:\Code\Code\JavaWeb\Maven\.m2\repository\org\skyscreamer\jsonassert\1.5.0\jsonassert-1.5.0.jar;E:\Code\Code\JavaWeb\Maven\.m2\repository\com\vaadin\external\google\android-json\0.0.20131108.vaadin1\android-json-0.0.20131108.vaadin1.jar;E:\Code\Code\JavaWeb\Maven\.m2\repository\org\springframework\spring-core\5.2.8.RELEASE\spring-core-5.2.8.RELEASE.jar;E:\Code\Code\JavaWeb\Maven\.m2\repository\org\springframework\spring-jcl\5.2.8.RELEASE\spring-jcl-5.2.8.RELEASE.jar;E:\Code\Code\JavaWeb\Maven\.m2\repository\org\springframework\spring-test\5.2.8.RELEASE\spring-test-5.2.8.RELEASE.jar;E:\Code\Code\JavaWeb\Maven\.m2\repository\org\xmlunit\xmlunit-core\2.7.0\xmlunit-core-2.7.0.jar;E:\Code\Code\JavaWeb\Maven\.m2\repository\org\springframework\boot\spring-boot-starter-web\2.3.2.RELEASE\spring-boot-starter-web-2.3.2.RELEASE.jar;E:\Code\Code\JavaWeb\Maven\.m2\repository\org\springframework\boot\spring-boot-starter-json\2.3.2.RELEASE\spring-boot-starter-json-2.3.2.RELEASE.jar;E:\Code\Code\JavaWeb\Maven\.m2\repository\com\fasterxml\jackson\core\jackson-databind\2.11.1\jackson-databind-2.11.1.jar;E:\Code\Code\JavaWeb\Maven\.m2\repository\com\fasterxml\jackson\core\jackson-annotations\2.11.1\jackson-annotations-2.11.1.jar;E:\Code\Code\JavaWeb\Maven\.m2\repository\com\fasterxml\jackson\core\jackson-core\2.11.1\jackson-core-2.11.1.jar;E:\Code\Code\JavaWeb\Maven\.m2\repository\com\fasterxml\jackson\datatype\jackson-datatype-jdk8\2.11.1\jackson-datatype-jdk8-2.11.1.jar;E:\Code\Code\JavaWeb\Maven\.m2\repository\com\fasterxml\jackson\datatype\jackson-datatype-jsr310\2.11.1\jackson-datatype-jsr310-2.11.1.jar;E:\Code\Code\JavaWeb\Maven\.m2\repository\com\fasterxml\jackson\module\jackson-module-parameter-names\2.11.1\jackson-module-parameter-names-2.11.1.jar;E:\Code\Code\JavaWeb\Maven\.m2\repository\org\springframework\boot\spring-boot-starter-tomcat\2.3.2.RELEASE\spring-boot-starter-tomcat-2.3.2.RELEASE.jar;E:\Code\Code\JavaWeb\Maven\.m2\repository\org\apache\tomcat\embed\tomcat-embed-core\9.0.37\tomcat-embed-core-9.0.37.jar;E:\Code\Code\JavaWeb\Maven\.m2\repository\org\glassfish\jakarta.el\3.0.3\jakarta.el-3.0.3.jar;E:\Code\Code\JavaWeb\Maven\.m2\repository\org\apache\tomcat\embed\tomcat-embed-websocket\9.0.37\tomcat-embed-websocket-9.0.37.jar;E:\Code\Code\JavaWeb\Maven\.m2\repository\org\springframework\spring-web\5.2.8.RELEASE\spring-web-5.2.8.RELEASE.jar;E:\Code\Code\JavaWeb\Maven\.m2\repository\org\springframework\spring-webmvc\5.2.8.RELEASE\spring-webmvc-5.2.8.RELEASE.jar;E:\Code\Code\JavaWeb\Maven\.m2\repository\org\springframework\spring-aop\5.2.8.RELEASE\spring-aop-5.2.8.RELEASE.jar;E:\Code\Code\JavaWeb\Maven\.m2\repository\org\springframework\spring-expression\5.2.8.RELEASE\spring-expression-5.2.8.RELEASE.jar;E:\Code\Code\JavaWeb\Maven\.m2\repository\org\apache\httpcomponents\httpclient\4.5.5\httpclient-4.5.5.jar;E:\Code\Code\JavaWeb\Maven\.m2\repository\org\apache\httpcomponents\httpcore\4.4.13\httpcore-4.4.13.jar;E:\Code\Code\JavaWeb\Maven\.m2\repository\commons-logging\commons-logging\1.2\commons-logging-1.2.jar;E:\Code\Code\JavaWeb\Maven\.m2\repository\org\apache\commons\commons-lang3\3.7\commons-lang3-3.7.jar;E:\Code\Code\JavaWeb\Maven\.m2\repository\commons-beanutils\commons-beanutils\1.9.3\commons-beanutils-1.9.3.jar;E:\Code\Code\JavaWeb\Maven\.m2\repository\commons-collections\commons-collections\3.2.2\commons-collections-3.2.2.jar;E:\Code\Code\JavaWeb\Maven\.m2\repository\commons-codec\commons-codec\1.14\commons-codec-1.14.jar;E:\Code\Code\JavaWeb\Maven\.m2\repository\com\alibaba\dubbo\2.6.0\dubbo-2.6.0.jar;E:\Code\Code\JavaWeb\Maven\.m2\repository\org\springframework\spring-context\5.2.8.RELEASE\spring-context-5.2.8.RELEASE.jar;E:\Code\Code\JavaWeb\Maven\.m2\repository\org\springframework\spring-beans\5.2.8.RELEASE\spring-beans-5.2.8.RELEASE.jar;E:\Code\Code\JavaWeb\Maven\.m2\repository\org\javassist\javassist\3.20.0-GA\javassist-3.20.0-GA.jar;E:\Code\Code\JavaWeb\Maven\.m2\repository\org\jboss\netty\netty\3.2.5.Final\netty-3.2.5.Final.jar;E:\Code\Code\JavaWeb\Maven\.m2\repository\com\gitee\reger\spring-boot-starter-dubbo\1.0.10\spring-boot-starter-dubbo-1.0.10.jar;E:\Code\Code\JavaWeb\Maven\.m2\repository\org\springframework\boot\spring-boot-starter-validation\2.3.2.RELEASE\spring-boot-starter-validation-2.3.2.RELEASE.jar;E:\Code\Code\JavaWeb\Maven\.m2\repository\org\hibernate\validator\hibernate-validator\6.1.5.Final\hibernate-validator-6.1.5.Final.jar;E:\Code\Code\JavaWeb\Maven\.m2\repository\jakarta\validation\jakarta.validation-api\2.0.2\jakarta.validation-api-2.0.2.jar;E:\Code\Code\JavaWeb\Maven\.m2\repository\org\jboss\logging\jboss-logging\3.4.1.Final\jboss-logging-3.4.1.Final.jar;E:\Code\Code\JavaWeb\Maven\.m2\repository\com\fasterxml\classmate\1.5.1\classmate-1.5.1.jar;E:\Code\Code\JavaWeb\Maven\.m2\repository\com\101tec\zkclient\0.10\zkclient-0.10.jar;E:\Code\Code\JavaWeb\Maven\.m2\repository\org\slf4j\slf4j-api\1.7.30\slf4j-api-1.7.30.jar;E:\Code\Code\JavaWeb\Maven\.m2\repository\org\apache\zookeeper\zookeeper\3.4.8\zookeeper-3.4.8.jar;E:\Code\Code\JavaWeb\Maven\.m2\repository\org\slf4j\slf4j-log4j12\1.7.30\slf4j-log4j12-1.7.30.jar;E:\Code\Code\JavaWeb\Maven\.m2\repository\log4j\log4j\1.2.16\log4j-1.2.16.jar;E:\Code\Code\JavaWeb\Maven\.m2\repository\jline\jline\0.9.94\jline-0.9.94.jar;E:\Code\Code\JavaWeb\Maven\.m2\repository\io\netty\netty\3.7.0.Final\netty-3.7.0.Final.jar;E:\Code\Code\JavaWeb\Maven\.m2\repository\org\springframework\boot\spring-boot-starter-jdbc\2.3.2.RELEASE\spring-boot-starter-jdbc-2.3.2.RELEASE.jar;E:\Code\Code\JavaWeb\Maven\.m2\repository\org\springframework\boot\spring-boot-starter\2.3.2.RELEASE\spring-boot-starter-2.3.2.RELEASE.jar;E:\Code\Code\JavaWeb\Maven\.m2\repository\org\springframework\boot\spring-boot\2.3.2.RELEASE\spring-boot-2.3.2.RELEASE.jar;E:\Code\Code\JavaWeb\Maven\.m2\repository\org\springframework\boot\spring-boot-autoconfigure\2.3.2.RELEASE\spring-boot-autoconfigure-2.3.2.RELEASE.jar;E:\Code\Code\JavaWeb\Maven\.m2\repository\org\springframework\boot\spring-boot-starter-logging\2.3.2.RELEASE\spring-boot-starter-logging-2.3.2.RELEASE.jar;E:\Code\Code\JavaWeb\Maven\.m2\repository\ch\qos\logback\logback-classic\1.2.3\logback-classic-1.2.3.jar;E:\Code\Code\JavaWeb\Maven\.m2\repository\ch\qos\logback\logback-core\1.2.3\logback-core-1.2.3.jar;E:\Code\Code\JavaWeb\Maven\.m2\repository\org\apache\logging\log4j\log4j-to-slf4j\2.13.3\log4j-to-slf4j-2.13.3.jar;E:\Code\Code\JavaWeb\Maven\.m2\repository\org\apache\logging\log4j\log4j-api\2.13.3\log4j-api-2.13.3.jar;E:\Code\Code\JavaWeb\Maven\.m2\repository\org\slf4j\jul-to-slf4j\1.7.30\jul-to-slf4j-1.7.30.jar;E:\Code\Code\JavaWeb\Maven\.m2\repository\jakarta\annotation\jakarta.annotation-api\1.3.5\jakarta.annotation-api-1.3.5.jar;E:\Code\Code\JavaWeb\Maven\.m2\repository\org\yaml\snakeyaml\1.26\snakeyaml-1.26.jar;E:\Code\Code\JavaWeb\Maven\.m2\repository\com\zaxxer\HikariCP\3.4.5\HikariCP-3.4.5.jar;E:\Code\Code\JavaWeb\Maven\.m2\repository\org\springframework\spring-jdbc\5.2.8.RELEASE\spring-jdbc-5.2.8.RELEASE.jar;E:\Code\Code\JavaWeb\Maven\.m2\repository\org\springframework\spring-tx\5.2.8.RELEASE\spring-tx-5.2.8.RELEASE.jar;E:\Code\Code\JavaWeb\Maven\.m2\repository\org\mybatis\spring\boot\mybatis-spring-boot-starter\1.3.1\mybatis-spring-boot-starter-1.3.1.jar;E:\Code\Code\JavaWeb\Maven\.m2\repository\org\mybatis\spring\boot\mybatis-spring-boot-autoconfigure\1.3.1\mybatis-spring-boot-autoconfigure-1.3.1.jar;E:\Code\Code\JavaWeb\Maven\.m2\repository\org\mybatis\mybatis\3.4.5\mybatis-3.4.5.jar;E:\Code\Code\JavaWeb\Maven\.m2\repository\org\mybatis\mybatis-spring\1.3.1\mybatis-spring-1.3.1.jar;E:\Code\Code\JavaWeb\Maven\.m2\repository\mysql\mysql-connector-java\8.0.21\mysql-connector-java-8.0.21.jar;E:\Code\Code\JavaWeb\Maven\.m2\repository\redis\clients\jedis\2.9.0\jedis-2.9.0.jar;E:\Code\Code\JavaWeb\Maven\.m2\repository\org\apache\commons\commons-pool2\2.8.0\commons-pool2-2.8.0.jar;"/>
    <property name="sun.cpu.endian" value="little"/>
    <property name="user.home" value="C:\Users\WANGDONGXU1"/>
    <property name="user.language" value="zh"/>
    <property name="java.specification.vendor" value="Oracle Corporation"/>
    <property name="java.home" value="E:\Code\Code\Java\JDK\JDK\jre"/>
    <property name="basedir" value="E:\Code\Code\JavaWeb\代码\商城\mall\mall-parent\mall-service-util"/>
    <property name="file.separator" value="\"/>
    <property name="line.separator" value="&#10;"/>
    <property name="java.vm.specification.vendor" value="Oracle Corporation"/>
    <property name="java.specification.name" value="Java Platform API Specification"/>
    <property name="java.awt.graphicsenv" value="sun.awt.Win32GraphicsEnvironment"/>
    <property name="surefire.real.class.path" value="C:\Users\WANGDO~1\AppData\Local\Temp\surefire7036558223046735518\surefirebooter426202833480466531.jar"/>
    <property name="sun.boot.class.path" value="E:\Code\Code\Java\JDK\JDK\jre\lib\resources.jar;E:\Code\Code\Java\JDK\JDK\jre\lib\rt.jar;E:\Code\Code\Java\JDK\JDK\jre\lib\sunrsasign.jar;E:\Code\Code\Java\JDK\JDK\jre\lib\jsse.jar;E:\Code\Code\Java\JDK\JDK\jre\lib\jce.jar;E:\Code\Code\Java\JDK\JDK\jre\lib\charsets.jar;E:\Code\Code\Java\JDK\JDK\jre\lib\jfr.jar;E:\Code\Code\Java\JDK\JDK\jre\classes"/>
    <property name="user.script" value=""/>
    <property name="sun.management.compiler" value="HotSpot 64-Bit Tiered Compilers"/>
    <property name="java.runtime.version" value="1.8.0_131-b11"/>
    <property name="user.name" value="WANGDONGXU1"/>
    <property name="path.separator" value=";"/>
    <property name="os.version" value="10.0"/>
    <property name="java.endorsed.dirs" value="E:\Code\Code\Java\JDK\JDK\jre\lib\endorsed"/>
    <property name="java.runtime.name" value="Java(TM) SE Runtime Environment"/>
    <property name="file.encoding" value="GBK"/>
    <property name="java.vm.name" value="Java HotSpot(TM) 64-Bit Server VM"/>
    <property name="localRepository" value="E:\Code\Code\JavaWeb\Maven\.m2\repository"/>
    <property name="java.vendor.url.bug" value="http://bugreport.sun.com/bugreport/"/>
    <property name="java.io.tmpdir" value="C:\Users\WANGDO~1\AppData\Local\Temp\"/>
    <property name="java.version" value="1.8.0_131"/>
    <property name="user.dir" value="E:\Code\Code\JavaWeb\代码\商城\mall\mall-parent\mall-service-util"/>
    <property name="os.arch" value="amd64"/>
    <property name="java.vm.specification.name" value="Java Virtual Machine Specification"/>
    <property name="java.awt.printerjob" value="sun.awt.windows.WPrinterJob"/>
    <property name="sun.os.patch.level" value=""/>
    <property name="idea.version2019.3.3" value="true"/>
    <property name="java.library.path" value="E:\Code\Code\Java\JDK\JDK\jre\bin;C:\Windows\Sun\Java\bin;C:\Windows\system32;C:\Windows;d:\Xshell\Xftp\;d:\Xshell\Xshell\;C:\ProgramData\Oracle\Java\javapath;C:\Windows\system32;C:\Windows;C:\Windows\System32\Wbem;C:\Windows\System32\WindowsPowerShell\v1.0\;C:\Windows\System32\OpenSSH\.;E:\Code\Code\Java\JDK\JDK\bin;E:\Code\Code\Java\JDK\JDK\jre\bin;E:\Code\Code\JavaWeb\Maven\apache-maven-3.6.3-bin\apache-maven-3.6.3\bin;D:\Git\Git\cmd;E:\Code\Code\JavaWeb\Git\cmd;C:\Users\WANGDONGXU1\AppData\Local\Microsoft\WindowsApps;;D:\IDEA\IntelliJ IDEA 2019.3.3\bin;;."/>
    <property name="java.vm.info" value="mixed mode"/>
    <property name="java.vendor" value="Oracle Corporation"/>
    <property name="java.vm.version" value="25.131-b11"/>
    <property name="java.ext.dirs" value="E:\Code\Code\Java\JDK\JDK\jre\lib\ext;C:\Windows\Sun\Java\lib\ext"/>
    <property name="sun.io.unicode.encoding" value="UnicodeLittle"/>
    <property name="java.class.version" value="52.0"/>
  </properties>
  <testcase name="shouldAnswerWithTrue" classname="com.yaoyue.mall.AppTest" time="0.003"/>
</testsuite>